0 info it worked if it ends with ok
1 verbose cli [ '/usr/local/bin/node', '/usr/local/bin/npm', 'start' ]
2 info using npm@3.8.1
3 info using node@v4.2.1
4 verbose run-script [ 'prestart', 'start', 'poststart' ]
5 info lifecycle uTu-BotKit-Demo@0.0.1~prestart: uTu-BotKit-Demo@0.0.1
6 silly lifecycle uTu-BotKit-Demo@0.0.1~prestart: no script for prestart, continuing
7 info lifecycle uTu-BotKit-Demo@0.0.1~start: uTu-BotKit-Demo@0.0.1
8 verbose lifecycle uTu-BotKit-Demo@0.0.1~start: unsafe-perm in lifecycle true
9 verbose lifecycle uTu-BotKit-Demo@0.0.1~start: PATH: /usr/local/lib/node_modules/npm/bin/node-gyp-bin:/Users/tewksbum/Projects/gypsy-bot-tutorial/start/node_modules/.bin:/usr/local/bin:Users/tewksbum/projects/packages:/usr/local/bin:/usr/bin:/bin:/usr/sbin:/sbin:~/projects/packages:~/projects/mongo/bin:/usr/local/go/bin:/usr/local/mysql/bin
10 verbose lifecycle uTu-BotKit-Demo@0.0.1~start: CWD: /Users/tewksbum/Projects/gypsy-bot-tutorial/start
11 silly lifecycle uTu-BotKit-Demo@0.0.1~start: Args: [ '-c', 'npm-run-all --parallel build server:watch' ]
12 silly lifecycle uTu-BotKit-Demo@0.0.1~start: Returned: code: 1  signal: null
13 info lifecycle uTu-BotKit-Demo@0.0.1~start: Failed to exec start script
14 verbose stack Error: uTu-BotKit-Demo@0.0.1 start: `npm-run-all --parallel build server:watch`
14 verbose stack Exit status 1
14 verbose stack     at EventEmitter.<anonymous> (/usr/local/lib/node_modules/npm/lib/utils/lifecycle.js:239:16)
14 verbose stack     at emitTwo (events.js:87:13)
14 verbose stack     at EventEmitter.emit (events.js:172:7)
14 verbose stack     at ChildProcess.<anonymous> (/usr/local/lib/node_modules/npm/lib/utils/spawn.js:24:14)
14 verbose stack     at emitTwo (events.js:87:13)
14 verbose stack     at ChildProcess.emit (events.js:172:7)
14 verbose stack     at maybeClose (internal/child_process.js:818:16)
14 verbose stack     at Process.ChildProcess._handle.onexit (internal/child_process.js:211:5)
15 verbose pkgid uTu-BotKit-Demo@0.0.1
16 verbose cwd /Users/tewksbum/Projects/gypsy-bot-tutorial/start
17 error Darwin 16.1.0
18 error argv "/usr/local/bin/node" "/usr/local/bin/npm" "start"
19 error node v4.2.1
20 error npm  v3.8.1
21 error code ELIFECYCLE
22 error uTu-BotKit-Demo@0.0.1 start: `npm-run-all --parallel build server:watch`
22 error Exit status 1
23 error Failed at the uTu-BotKit-Demo@0.0.1 start script 'npm-run-all --parallel build server:watch'.
23 error Make sure you have the latest version of node.js and npm installed.
23 error If you do, this is most likely a problem with the uTu-BotKit-Demo package,
23 error not with npm itself.
23 error Tell the author that this fails on your system:
23 error     npm-run-all --parallel build server:watch
23 error You can get information on how to open an issue for this project with:
23 error     npm bugs uTu-BotKit-Demo
23 error Or if that isn't available, you can get their info via:
23 error     npm owner ls uTu-BotKit-Demo
23 error There is likely additional logging output above.
24 verbose exit [ 1, true ]
